C:\Users\Ricky\Dropbox\Spring 2011-12\COS 426\Final Project\repos\GraphicsGame\src\Debug\cl.command.1.tlog
C:\Users\Ricky\Dropbox\Spring 2011-12\COS 426\Final Project\repos\GraphicsGame\src\Debug\CL.read.1.tlog
C:\Users\Ricky\Dropbox\Spring 2011-12\COS 426\Final Project\repos\GraphicsGame\src\Debug\CL.write.1.tlog
C:\USERS\RICKY\DROPBOX\SPRING 2011-12\COS 426\FINAL PROJECT\REPOS\GRAPHICSGAME\SRC\DEBUG\MOUNTAIN.OBJ
C:\USERS\RICKY\DROPBOX\SPRING 2011-12\COS 426\FINAL PROJECT\REPOS\GRAPHICSGAME\SRC\DEBUG\PARTICLE.OBJ
C:\USERS\RICKY\DROPBOX\SPRING 2011-12\COS 426\FINAL PROJECT\REPOS\GRAPHICSGAME\SRC\DEBUG\R2DISTANCE.OBJ
C:\USERS\RICKY\DROPBOX\SPRING 2011-12\COS 426\FINAL PROJECT\REPOS\GRAPHICSGAME\SRC\DEBUG\R2IMAGE.OBJ
C:\USERS\RICKY\DROPBOX\SPRING 2011-12\COS 426\FINAL PROJECT\REPOS\GRAPHICSGAME\SRC\DEBUG\R2LINE.OBJ
C:\USERS\RICKY\DROPBOX\SPRING 2011-12\COS 426\FINAL PROJECT\REPOS\GRAPHICSGAME\SRC\DEBUG\R2PIXEL.OBJ
C:\USERS\RICKY\DROPBOX\SPRING 2011-12\COS 426\FINAL PROJECT\REPOS\GRAPHICSGAME\SRC\DEBUG\R2POINT.OBJ
C:\USERS\RICKY\DROPBOX\SPRING 2011-12\COS 426\FINAL PROJECT\REPOS\GRAPHICSGAME\SRC\DEBUG\R2SEGMENT.OBJ
C:\USERS\RICKY\DROPBOX\SPRING 2011-12\COS 426\FINAL PROJECT\REPOS\GRAPHICSGAME\SRC\DEBUG\R2VECTOR.OBJ
C:\USERS\RICKY\DROPBOX\SPRING 2011-12\COS 426\FINAL PROJECT\REPOS\GRAPHICSGAME\SRC\DEBUG\R3BOBSLED.OBJ
C:\USERS\RICKY\DROPBOX\SPRING 2011-12\COS 426\FINAL PROJECT\REPOS\GRAPHICSGAME\SRC\DEBUG\R3BOX.OBJ
C:\USERS\RICKY\DROPBOX\SPRING 2011-12\COS 426\FINAL PROJECT\REPOS\GRAPHICSGAME\SRC\DEBUG\R3CIRCLE.OBJ
C:\USERS\RICKY\DROPBOX\SPRING 2011-12\COS 426\FINAL PROJECT\REPOS\GRAPHICSGAME\SRC\DEBUG\R3CONE.OBJ
C:\USERS\RICKY\DROPBOX\SPRING 2011-12\COS 426\FINAL PROJECT\REPOS\GRAPHICSGAME\SRC\DEBUG\R3CYLINDER.OBJ
C:\USERS\RICKY\DROPBOX\SPRING 2011-12\COS 426\FINAL PROJECT\REPOS\GRAPHICSGAME\SRC\DEBUG\R3DISTANCE.OBJ
C:\USERS\RICKY\DROPBOX\SPRING 2011-12\COS 426\FINAL PROJECT\REPOS\GRAPHICSGAME\SRC\DEBUG\R3LINE.OBJ
C:\USERS\RICKY\DROPBOX\SPRING 2011-12\COS 426\FINAL PROJECT\REPOS\GRAPHICSGAME\SRC\DEBUG\R3MATRIX.OBJ
C:\USERS\RICKY\DROPBOX\SPRING 2011-12\COS 426\FINAL PROJECT\REPOS\GRAPHICSGAME\SRC\DEBUG\R3MESH.OBJ
C:\USERS\RICKY\DROPBOX\SPRING 2011-12\COS 426\FINAL PROJECT\REPOS\GRAPHICSGAME\SRC\DEBUG\R3PLANE.OBJ
C:\USERS\RICKY\DROPBOX\SPRING 2011-12\COS 426\FINAL PROJECT\REPOS\GRAPHICSGAME\SRC\DEBUG\R3POINT.OBJ
C:\USERS\RICKY\DROPBOX\SPRING 2011-12\COS 426\FINAL PROJECT\REPOS\GRAPHICSGAME\SRC\DEBUG\R3RAY.OBJ
C:\USERS\RICKY\DROPBOX\SPRING 2011-12\COS 426\FINAL PROJECT\REPOS\GRAPHICSGAME\SRC\DEBUG\R3SCENE.OBJ
C:\USERS\RICKY\DROPBOX\SPRING 2011-12\COS 426\FINAL PROJECT\REPOS\GRAPHICSGAME\SRC\DEBUG\R3SEGMENT.OBJ
C:\USERS\RICKY\DROPBOX\SPRING 2011-12\COS 426\FINAL PROJECT\REPOS\GRAPHICSGAME\SRC\DEBUG\R3SPHERE.OBJ
C:\USERS\RICKY\DROPBOX\SPRING 2011-12\COS 426\FINAL PROJECT\REPOS\GRAPHICSGAME\SRC\DEBUG\R3VECTOR.OBJ
C:\Users\Ricky\Dropbox\Spring 2011-12\COS 426\Final Project\repos\GraphicsGame\src\Debug\vc100.idb
C:\USERS\RICKY\DROPBOX\SPRING 2011-12\COS 426\FINAL PROJECT\REPOS\GRAPHICSGAME\SRC\DEBUG\VC100.PDB
